2022-01-24 13:12:45 INFO  GetQuotation:96 - A Grade Fresh Natural Garlic, Packaging Size: 50 Kg, Rs 90 /kg | ID: 20454696312
2022-01-24 13:12:45 INFO  GetQuotation:103 - price = 90
2022-01-24 13:12:47 INFO  GetQuotation:96 - A Grade Fresh Garlic, Rs 100 /kilogram Deepak Hanumant Sagat | ID: 20027703162
2022-01-24 13:12:47 INFO  GetQuotation:111 - price = 100
2022-01-24 13:12:49 INFO  GetQuotation:96 - A Grade Fresh Garlic at Rs 90/kg | Fresh Garlic | ID: 22419647148
2022-01-24 13:12:49 INFO  GetQuotation:103 - price = 90
2022-01-24 13:12:51 INFO  GetQuotation:96 - Fresh Garlic, Packaging Size: 45 Kg, Packaging Type: PP Bag, Rs 40 /kilogram | ID: 19230180791
2022-01-24 13:12:51 INFO  GetQuotation:111 - price = 40
2022-01-24 13:12:52 INFO  GetQuotation:96 - A Grade Ooty Fresh Garlic, Packaging Size: 10 Kg(maximum), Garlic Size: 35 Mm, Rs 120 /kg | ID: 12709925191
2022-01-24 13:12:52 INFO  GetQuotation:103 - price = 120
2022-01-24 13:12:54 INFO  GetQuotation:96 - A Grade Fresh Garlic, Rs 80 /kg Adinath Trading Company ( ATC ) | ID: 8760128373
2022-01-24 13:12:54 INFO  GetQuotation:103 - price = 80
2022-01-24 13:12:55 INFO  GetQuotation:96 - B Grade Fresh Garlic, Garlic Size: Medium, Rs 75 /kg Alvis Jackson Agro Co | ID: 23506066955
2022-01-24 13:12:55 INFO  GetQuotation:103 - price = 75
2022-01-24 13:12:57 INFO  GetQuotation:96 - A Grade Fresh Garlic, Packaging Size: 25 Kg And 50 Kg, Rs 50 /kg | ID: 10757798173
2022-01-24 13:12:57 INFO  GetQuotation:103 - price = 50
2022-01-24 13:12:58 INFO  GetQuotation:96 - A Grade Fresh Garlic, Rs 78 /kg Datta Krupa Food Industries Private Limited | ID: 22882642212
2022-01-24 13:12:58 INFO  GetQuotation:103 - price = 78
2022-01-24 13:12:59 INFO  GetQuotation:96 - A Grade Jumbo Fresh Garlic, Packaging Size: 10 Kg(maximum), Garlic Size: 40 Mm, Rs 130 /kg | ID: 12709838555
2022-01-24 13:12:59 INFO  GetQuotation:103 - price = 130
2022-01-24 13:20:15 INFO  GetQuotation:93 - A Grade Fresh Natural Garlic, Packaging Size: 50 Kg, Rs 90 /kg | ID: 20454696312
2022-01-24 13:20:15 INFO  GetQuotation:99 - price = 90
2022-01-24 13:20:16 INFO  GetQuotation:93 - A Grade Fresh Garlic, Rs 100 /kilogram Deepak Hanumant Sagat | ID: 20027703162
2022-01-24 13:20:16 INFO  GetQuotation:107 - price = 100
2022-01-24 13:20:16 INFO  GetQuotation:93 - A Grade Fresh Garlic at Rs 90/kg | Fresh Garlic | ID: 22419647148
2022-01-24 13:20:16 INFO  GetQuotation:99 - price = 90
2022-01-24 13:20:17 INFO  GetQuotation:93 - Fresh Garlic, Packaging Size: 45 Kg, Packaging Type: PP Bag, Rs 40 /kilogram | ID: 19230180791
2022-01-24 13:20:17 INFO  GetQuotation:107 - price = 40
2022-01-24 13:20:18 INFO  GetQuotation:93 - A Grade Ooty Fresh Garlic, Packaging Size: 10 Kg(maximum), Garlic Size: 35 Mm, Rs 120 /kg | ID: 12709925191
2022-01-24 13:20:18 INFO  GetQuotation:99 - price = 120
2022-01-24 13:20:19 INFO  GetQuotation:93 - A Grade Fresh Garlic, Rs 80 /kg Adinath Trading Company ( ATC ) | ID: 8760128373
2022-01-24 13:20:19 INFO  GetQuotation:99 - price = 80
2022-01-24 13:20:20 INFO  GetQuotation:93 - B Grade Fresh Garlic, Garlic Size: Medium, Rs 75 /kg Alvis Jackson Agro Co | ID: 23506066955
2022-01-24 13:20:20 INFO  GetQuotation:99 - price = 75
2022-01-24 13:20:20 INFO  GetQuotation:93 - A Grade Fresh Garlic, Packaging Size: 25 Kg And 50 Kg, Rs 50 /kg | ID: 10757798173
2022-01-24 13:20:20 INFO  GetQuotation:99 - price = 50
2022-01-24 13:20:21 INFO  GetQuotation:93 - A Grade Fresh Garlic, Rs 78 /kg Datta Krupa Food Industries Private Limited | ID: 22882642212
2022-01-24 13:20:21 INFO  GetQuotation:99 - price = 78
2022-01-24 13:20:22 INFO  GetQuotation:93 - A Grade Jumbo Fresh Garlic, Packaging Size: 10 Kg(maximum), Garlic Size: 40 Mm, Rs 130 /kg | ID: 12709838555
2022-01-24 13:20:22 INFO  GetQuotation:99 - price = 130
2022-01-24 13:21:16 INFO  GetQuotation:93 - A Grade Fresh Natural Garlic, Packaging Size: 50 Kg, Rs 90 /kg | ID: 20454696312
2022-01-24 13:21:16 INFO  GetQuotation:99 - price = 90
2022-01-24 13:21:18 INFO  GetQuotation:93 - A Grade Fresh Garlic, Rs 100 /kilogram Deepak Hanumant Sagat | ID: 20027703162
2022-01-24 13:21:18 INFO  GetQuotation:107 - price = 100
2022-01-24 13:21:19 INFO  GetQuotation:93 - A Grade Fresh Garlic at Rs 90/kg | Fresh Garlic | ID: 22419647148
2022-01-24 13:21:19 INFO  GetQuotation:99 - price = 90
2022-01-24 13:21:21 INFO  GetQuotation:93 - Fresh Garlic, Packaging Size: 45 Kg, Packaging Type: PP Bag, Rs 40 /kilogram | ID: 19230180791
2022-01-24 13:21:21 INFO  GetQuotation:107 - price = 40
2022-01-24 13:21:23 INFO  GetQuotation:93 - A Grade Ooty Fresh Garlic, Packaging Size: 10 Kg(maximum), Garlic Size: 35 Mm, Rs 120 /kg | ID: 12709925191
2022-01-24 13:21:23 INFO  GetQuotation:99 - price = 120
2022-01-24 13:21:25 INFO  GetQuotation:93 - A Grade Fresh Garlic, Rs 80 /kg Adinath Trading Company ( ATC ) | ID: 8760128373
2022-01-24 13:21:25 INFO  GetQuotation:99 - price = 80
2022-01-24 13:21:27 INFO  GetQuotation:93 - B Grade Fresh Garlic, Garlic Size: Medium, Rs 75 /kg Alvis Jackson Agro Co | ID: 23506066955
2022-01-24 13:21:27 INFO  GetQuotation:99 - price = 75
2022-01-24 13:21:30 INFO  GetQuotation:93 - A Grade Fresh Garlic, Packaging Size: 25 Kg And 50 Kg, Rs 50 /kg | ID: 10757798173
2022-01-24 13:21:30 INFO  GetQuotation:99 - price = 50
2022-01-24 13:21:32 INFO  GetQuotation:93 - A Grade Fresh Garlic, Rs 78 /kg Datta Krupa Food Industries Private Limited | ID: 22882642212
2022-01-24 13:21:32 INFO  GetQuotation:99 - price = 78
2022-01-24 13:21:35 INFO  GetQuotation:93 - A Grade Jumbo Fresh Garlic, Packaging Size: 10 Kg(maximum), Garlic Size: 40 Mm, Rs 130 /kg | ID: 12709838555
2022-01-24 13:21:35 INFO  GetQuotation:99 - price = 130
2022-01-24 13:22:27 INFO  GetQuotation:93 - A Grade Fresh Natural Garlic, Packaging Size: 50 Kg, Rs 90 /kg | ID: 20454696312
2022-01-24 13:22:27 INFO  GetQuotation:99 - price = 90
2022-01-24 13:22:29 INFO  GetQuotation:93 - A Grade Fresh Garlic, Rs 100 /kilogram Deepak Hanumant Sagat | ID: 20027703162
2022-01-24 13:22:29 INFO  GetQuotation:107 - price = 100
2022-01-24 13:22:31 INFO  GetQuotation:93 - A Grade Fresh Garlic at Rs 90/kg | Fresh Garlic | ID: 22419647148
2022-01-24 13:22:31 INFO  GetQuotation:99 - price = 90
2022-01-24 13:22:33 INFO  GetQuotation:93 - Fresh Garlic, Packaging Size: 45 Kg, Packaging Type: PP Bag, Rs 40 /kilogram | ID: 19230180791
2022-01-24 13:22:33 INFO  GetQuotation:107 - price = 40
2022-01-24 13:22:35 INFO  GetQuotation:93 - A Grade Ooty Fresh Garlic, Packaging Size: 10 Kg(maximum), Garlic Size: 35 Mm, Rs 120 /kg | ID: 12709925191
2022-01-24 13:22:35 INFO  GetQuotation:99 - price = 120
2022-01-24 13:22:37 INFO  GetQuotation:93 - A Grade Fresh Garlic, Rs 80 /kg Adinath Trading Company ( ATC ) | ID: 8760128373
2022-01-24 13:22:37 INFO  GetQuotation:99 - price = 80
2022-01-24 13:22:38 INFO  GetQuotation:93 - B Grade Fresh Garlic, Garlic Size: Medium, Rs 75 /kg Alvis Jackson Agro Co | ID: 23506066955
2022-01-24 13:22:38 INFO  GetQuotation:99 - price = 75
2022-01-24 13:22:40 INFO  GetQuotation:93 - A Grade Fresh Garlic, Packaging Size: 25 Kg And 50 Kg, Rs 50 /kg | ID: 10757798173
2022-01-24 13:22:40 INFO  GetQuotation:99 - price = 50
2022-01-24 13:22:42 INFO  GetQuotation:93 - A Grade Fresh Garlic, Rs 78 /kg Datta Krupa Food Industries Private Limited | ID: 22882642212
2022-01-24 13:22:42 INFO  GetQuotation:99 - price = 78
2022-01-24 13:22:44 INFO  GetQuotation:93 - A Grade Jumbo Fresh Garlic, Packaging Size: 10 Kg(maximum), Garlic Size: 40 Mm, Rs 130 /kg | ID: 12709838555
2022-01-24 13:22:44 INFO  GetQuotation:99 - price = 130
2022-01-24 13:23:15 INFO  GetQuotation:93 - A Grade Fresh Natural Garlic, Packaging Size: 50 Kg, Rs 90 /kg | ID: 20454696312
2022-01-24 13:23:15 INFO  GetQuotation:99 - price = 90
2022-01-24 13:23:17 INFO  GetQuotation:93 - A Grade Fresh Garlic, Rs 100 /kilogram Deepak Hanumant Sagat | ID: 20027703162
2022-01-24 13:23:17 INFO  GetQuotation:107 - price = 100
2022-01-24 13:23:19 INFO  GetQuotation:93 - A Grade Fresh Garlic at Rs 90/kg | Fresh Garlic | ID: 22419647148
2022-01-24 13:23:19 INFO  GetQuotation:99 - price = 90
2022-01-24 13:23:22 INFO  GetQuotation:93 - Fresh Garlic, Packaging Size: 45 Kg, Packaging Type: PP Bag, Rs 40 /kilogram | ID: 19230180791
2022-01-24 13:23:22 INFO  GetQuotation:107 - price = 40
2022-01-24 13:23:24 INFO  GetQuotation:93 - A Grade Ooty Fresh Garlic, Packaging Size: 10 Kg(maximum), Garlic Size: 35 Mm, Rs 120 /kg | ID: 12709925191
2022-01-24 13:23:24 INFO  GetQuotation:99 - price = 120
2022-01-24 13:23:25 INFO  GetQuotation:93 - A Grade Fresh Garlic, Rs 80 /kg Adinath Trading Company ( ATC ) | ID: 8760128373
2022-01-24 13:23:25 INFO  GetQuotation:99 - price = 80
2022-01-24 13:23:26 INFO  GetQuotation:93 - B Grade Fresh Garlic, Garlic Size: Medium, Rs 75 /kg Alvis Jackson Agro Co | ID: 23506066955
2022-01-24 13:23:26 INFO  GetQuotation:99 - price = 75
2022-01-24 13:23:28 INFO  GetQuotation:93 - A Grade Fresh Garlic, Packaging Size: 25 Kg And 50 Kg, Rs 50 /kg | ID: 10757798173
2022-01-24 13:23:28 INFO  GetQuotation:99 - price = 50
2022-01-24 13:23:30 INFO  GetQuotation:93 - A Grade Fresh Garlic, Rs 78 /kg Datta Krupa Food Industries Private Limited | ID: 22882642212
2022-01-24 13:23:30 INFO  GetQuotation:99 - price = 78
2022-01-24 13:23:32 INFO  GetQuotation:93 - A Grade Jumbo Fresh Garlic, Packaging Size: 10 Kg(maximum), Garlic Size: 40 Mm, Rs 130 /kg | ID: 12709838555
2022-01-24 13:23:32 INFO  GetQuotation:99 - price = 130
2022-01-24 13:32:04 INFO  GetQuotation:92 - A Grade Fresh Natural Garlic, Packaging Size: 50 Kg, Rs 90 /kg | ID: 20454696312
2022-01-24 13:32:04 INFO  GetQuotation:98 - price = 90
2022-01-24 13:32:06 INFO  GetQuotation:92 - A Grade Fresh Garlic, Rs 100 /kilogram Deepak Hanumant Sagat | ID: 20027703162
2022-01-24 13:32:06 INFO  GetQuotation:106 - price = 100
2022-01-24 13:32:07 INFO  GetQuotation:92 - A Grade Fresh Garlic at Rs 90/kg | Fresh Garlic | ID: 22419647148
2022-01-24 13:32:07 INFO  GetQuotation:98 - price = 90
2022-01-24 13:32:09 INFO  GetQuotation:92 - Fresh Garlic, Packaging Size: 45 Kg, Packaging Type: PP Bag, Rs 40 /kilogram | ID: 19230180791
2022-01-24 13:32:09 INFO  GetQuotation:106 - price = 40
2022-01-24 13:32:10 INFO  GetQuotation:92 - A Grade Ooty Fresh Garlic, Packaging Size: 10 Kg(maximum), Garlic Size: 35 Mm, Rs 120 /kg | ID: 12709925191
2022-01-24 13:32:10 INFO  GetQuotation:98 - price = 120
2022-01-24 13:32:11 INFO  GetQuotation:92 - A Grade Fresh Garlic, Rs 80 /kg Adinath Trading Company ( ATC ) | ID: 8760128373
2022-01-24 13:32:11 INFO  GetQuotation:98 - price = 80
2022-01-24 13:32:13 INFO  GetQuotation:92 - B Grade Fresh Garlic, Garlic Size: Medium, Rs 75 /kg Alvis Jackson Agro Co | ID: 23506066955
2022-01-24 13:32:13 INFO  GetQuotation:98 - price = 75
2022-01-24 13:32:14 INFO  GetQuotation:92 - A Grade Fresh Garlic, Packaging Size: 25 Kg And 50 Kg, Rs 50 /kg | ID: 10757798173
2022-01-24 13:32:14 INFO  GetQuotation:98 - price = 50
2022-01-24 13:32:15 INFO  GetQuotation:92 - A Grade Fresh Garlic, Rs 78 /kg Datta Krupa Food Industries Private Limited | ID: 22882642212
2022-01-24 13:32:15 INFO  GetQuotation:98 - price = 78
2022-01-24 13:32:17 INFO  GetQuotation:92 - A Grade Jumbo Fresh Garlic, Packaging Size: 10 Kg(maximum), Garlic Size: 40 Mm, Rs 130 /kg | ID: 12709838555
2022-01-24 13:32:17 INFO  GetQuotation:98 - price = 130
